<?xml version="1.0" encoding="UTF-8"?>
<!-- Generated by org.testng.reporters.JUnitReportReporter -->
<testsuite hostname="cdd0019e8425" failures="0" tests="9" name="testCases.vendorPortal.VendorPortalTest" time="59.398" errors="0" timestamp="2024-12-25T04:48:44 UTC" skipped="0">
  <testcase classname="testCases.vendorPortal.VendorPortalTest" name="loginTest" time="6.447"/>
  <testcase classname="testCases.vendorPortal.VendorPortalTest" name="dashboardTest" time="7.391"/>
  <testcase classname="testCases.vendorPortal.VendorPortalTest" name="logoutTest" time="6.160"/>
  <testcase classname="testCases.vendorPortal.VendorPortalTest" name="dashboardTest" time="7.127"/>
  <testcase classname="testCases.vendorPortal.VendorPortalTest" name="logoutTest" time="6.303"/>
  <testcase classname="testCases.vendorPortal.VendorPortalTest" name="logoutTest" time="5.997"/>
  <testcase classname="testCases.vendorPortal.VendorPortalTest" name="loginTest" time="6.400"/>
  <testcase classname="testCases.vendorPortal.VendorPortalTest" name="loginTest" time="6.091"/>
  <testcase classname="testCases.vendorPortal.VendorPortalTest" name="dashboardTest" time="7.482"/>
</testsuite> <!-- testCases.vendorPortal.VendorPortalTest -->
