<?xml version="1.0" encoding="UTF-8"?>
<!-- Generated by org.testng.reporters.JUnitReportReporter -->
<testsuite hostname="ccd5cc3fad23" failures="0" tests="9" name="testCases.vendorPortal.VendorPortalTest" time="32.594" errors="0" timestamp="2024-12-25T14:04:07 GMT" skipped="0">
  <testcase classname="testCases.vendorPortal.VendorPortalTest" name="dashboardTest" time="4.240"/>
  <testcase classname="testCases.vendorPortal.VendorPortalTest" name="loginTest" time="1.835"/>
  <testcase classname="testCases.vendorPortal.VendorPortalTest" name="loginTest" time="1.908"/>
  <testcase classname="testCases.vendorPortal.VendorPortalTest" name="logoutTest" time="4.677"/>
  <testcase classname="testCases.vendorPortal.VendorPortalTest" name="logoutTest" time="3.806"/>
  <testcase classname="testCases.vendorPortal.VendorPortalTest" name="dashboardTest" time="4.221"/>
  <testcase classname="testCases.vendorPortal.VendorPortalTest" name="logoutTest" time="4.089"/>
  <testcase classname="testCases.vendorPortal.VendorPortalTest" name="dashboardTest" time="5.756"/>
  <testcase classname="testCases.vendorPortal.VendorPortalTest" name="loginTest" time="2.062"/>
</testsuite> <!-- testCases.vendorPortal.VendorPortalTest -->
