<?xml version="1.0" encoding="UTF-8"?>
<!-- Generated by org.testng.reporters.JUnitReportReporter -->
<testsuite hostname="N5842" failures="0" tests="9" name="testCases.vendorPortal.VendorPortalTest" time="16.961" errors="0" timestamp="2024-12-25T21:14:03 MYT" skipped="0">
  <testcase classname="testCases.vendorPortal.VendorPortalTest" name="dashboardTest" time="2.214"/>
  <testcase classname="testCases.vendorPortal.VendorPortalTest" name="logoutTest" time="1.202"/>
  <testcase classname="testCases.vendorPortal.VendorPortalTest" name="dashboardTest" time="3.175"/>
  <testcase classname="testCases.vendorPortal.VendorPortalTest" name="loginTest" time="1.143"/>
  <testcase classname="testCases.vendorPortal.VendorPortalTest" name="logoutTest" time="1.162"/>
  <testcase classname="testCases.vendorPortal.VendorPortalTest" name="dashboardTest" time="4.238"/>
  <testcase classname="testCases.vendorPortal.VendorPortalTest" name="loginTest" time="1.103"/>
  <testcase classname="testCases.vendorPortal.VendorPortalTest" name="loginTest" time="1.122"/>
  <testcase classname="testCases.vendorPortal.VendorPortalTest" name="logoutTest" time="1.602"/>
</testsuite> <!-- testCases.vendorPortal.VendorPortalTest -->
