<?xml version="1.0" encoding="UTF-8"?>
<!-- Generated by org.testng.reporters.JUnitReportReporter -->
<testsuite hostname="cecc4adfa953" failures="0" tests="20" name="testCases.flightReservation.FlightReservationTest" time="40.527" errors="0" timestamp="2024-12-25T14:04:25 GMT" skipped="0">
  <testcase classname="testCases.flightReservation.FlightReservationTest" name="flightsSearchTest" time="1.426"/>
  <testcase classname="testCases.flightReservation.FlightReservationTest" name="flightReservationConfirmationTest" time="0.707"/>
  <testcase classname="testCases.flightReservation.FlightReservationTest" name="flightsSearchTest" time="1.786"/>
  <testcase classname="testCases.flightReservation.FlightReservationTest" name="flightsSelectionTest" time="1.853"/>
  <testcase classname="testCases.flightReservation.FlightReservationTest" name="flightReservationConfirmationTest" time="0.127"/>
  <testcase classname="testCases.flightReservation.FlightReservationTest" name="registrationConfirmationTest" time="1.770"/>
  <testcase classname="testCases.flightReservation.FlightReservationTest" name="flightsSearchTest" time="2.248"/>
  <testcase classname="testCases.flightReservation.FlightReservationTest" name="flightsSelectionTest" time="1.385"/>
  <testcase classname="testCases.flightReservation.FlightReservationTest" name="registrationConfirmationTest" time="2.036"/>
  <testcase classname="testCases.flightReservation.FlightReservationTest" name="userRegistrationTest" time="6.253"/>
  <testcase classname="testCases.flightReservation.FlightReservationTest" name="userRegistrationTest" time="5.142"/>
  <testcase classname="testCases.flightReservation.FlightReservationTest" name="userRegistrationTest" time="1.441"/>
  <testcase classname="testCases.flightReservation.FlightReservationTest" name="registrationConfirmationTest" time="0.917"/>
  <testcase classname="testCases.flightReservation.FlightReservationTest" name="userRegistrationTest" time="6.221"/>
  <testcase classname="testCases.flightReservation.FlightReservationTest" name="flightsSelectionTest" time="1.425"/>
  <testcase classname="testCases.flightReservation.FlightReservationTest" name="flightReservationConfirmationTest" time="0.690"/>
  <testcase classname="testCases.flightReservation.FlightReservationTest" name="registrationConfirmationTest" time="1.748"/>
  <testcase classname="testCases.flightReservation.FlightReservationTest" name="flightReservationConfirmationTest" time="0.678"/>
  <testcase classname="testCases.flightReservation.FlightReservationTest" name="flightsSelectionTest" time="1.989"/>
  <testcase classname="testCases.flightReservation.FlightReservationTest" name="flightsSearchTest" time="0.685"/>
</testsuite> <!-- testCases.flightReservation.FlightReservationTest -->
